<?xml version="1.0" encoding="UTF-8"?>
<!-- Generated by org.testng.reporters.JUnitReportReporter -->
<testsuite hostname="Tharindu" failures="0" tests="2" name="com.act.qa.testcases.UsersPageTest" time="33.760" errors="0" timestamp="2022-11-02T15:34:49 IST" skipped="0">
  <testcase classname="com.act.qa.testcases.UsersPageTest" name="validateUsersPageTitleTest" time="16.405"/>
  <system-out/>
  <testcase classname="com.act.qa.testcases.UsersPageTest" name="verifyUsersPageHeadingTest" time="17.355"/>
  <system-out/>
</testsuite> <!-- com.act.qa.testcases.UsersPageTest -->
