<?xml version="1.0" encoding="UTF-8"?>
<!-- Generated by org.testng.reporters.JUnitReportReporter -->
<testsuite hostname="Tharindu" failures="0" tests="5" name="com.act.qa.testcases.ExamTest" time="0.014" errors="0" timestamp="2022-10-14T20:49:54 IST" skipped="0">
  <testcase classname="com.act.qa.testcases.ExamTest" name="testSearchProduct" time="0.001"/>
  <system-out/>
  <testcase classname="com.act.qa.testcases.ExamTest" name="testLogin" time="0.002"/>
  <system-out/>
  <testcase classname="com.act.qa.testcases.ExamTest" name="testAddToCart" time="0.008"/>
  <system-out/>
  <testcase classname="com.act.qa.testcases.ExamTest" name="testCheckOutCart" time="0.002"/>
  <system-out/>
  <testcase classname="com.act.qa.testcases.ExamTest" name="testConnectToPaymentGateway" time="0.001"/>
  <system-out/>
</testsuite> <!-- com.act.qa.testcases.ExamTest -->
