<?xml version="1.0" encoding="UTF-8"?>
<!-- Generated by org.testng.reporters.JUnitReportReporter -->
<testsuite hostname="Tharindu" failures="0" tests="2" name="com.act.qa.testcases.UsersPageTest" time="31.310" errors="0" timestamp="2022-11-04T19:14:10 IST" skipped="0">
  <testcase classname="com.act.qa.testcases.UsersPageTest" name="validateUsersPageTitleTest" time="15.159"/>
  <system-out/>
  <testcase classname="com.act.qa.testcases.UsersPageTest" name="verifyUsersPageHeadingTest" time="16.151"/>
  <system-out/>
</testsuite> <!-- com.act.qa.testcases.UsersPageTest -->
