<?xml version="1.0" encoding="UTF-8"?>
<!-- Generated by org.testng.reporters.JUnitReportReporter -->
<testsuite hostname="Tharindu" failures="0" tests="3" name="com.act.qa.testcases.LoginPageTest" time="43.167" errors="0" timestamp="2022-11-02T15:28:57 IST" skipped="0">
  <testcase classname="com.act.qa.testcases.LoginPageTest" name="loginPageLogoTest" time="12.386"/>
  <system-out/>
  <testcase classname="com.act.qa.testcases.LoginPageTest" name="loginpageTitleTest" time="10.680"/>
  <system-out/>
  <testcase classname="com.act.qa.testcases.LoginPageTest" name="loginTest" time="20.101"/>
  <system-out/>
</testsuite> <!-- com.act.qa.testcases.LoginPageTest -->
