<?xml version="1.0" encoding="UTF-8"?>
<!-- Generated by org.testng.reporters.JUnitReportReporter -->
<testsuite hostname="Tharindu" failures="0" tests="3" name="com.act.qa.testcases.ReportsPageTest" time="60.714" errors="0" timestamp="2022-11-04T19:13:26 IST" skipped="0">
  <testcase classname="com.act.qa.testcases.ReportsPageTest" name="validateReportsPageTitleTest" time="20.619"/>
  <system-out/>
  <testcase classname="com.act.qa.testcases.ReportsPageTest" name="verifyReportsPageHeadingTest" time="19.633"/>
  <system-out/>
  <testcase classname="com.act.qa.testcases.ReportsPageTest" name="visibleChartModalTest" time="20.462"/>
  <system-out/>
</testsuite> <!-- com.act.qa.testcases.ReportsPageTest -->
