<?xml version="1.0" encoding="UTF-8"?>
<!-- Generated by org.testng.reporters.JUnitReportReporter -->
<testsuite hostname="Tharindu" failures="0" tests="2" name="com.act.qa.testcases.HomePageTest" time="37.908" errors="0" timestamp="2022-11-02T16:49:51 IST" skipped="0">
  <testcase classname="com.act.qa.testcases.HomePageTest" name="validateEnterTimeTracksForMeTest" time="21.723"/>
  <system-out/>
  <testcase classname="com.act.qa.testcases.HomePageTest" name="validateEnterTimeTracksForMeTest" time="16.185"/>
  <system-out/>
</testsuite> <!-- com.act.qa.testcases.HomePageTest -->
