<?xml version="1.0" encoding="UTF-8"?>
<!-- Generated by org.testng.reporters.JUnitReportReporter -->
<testsuite hostname="Tharindu" failures="0" tests="3" name="com.act.qa.testcases.ReportsPageTest" time="60.945" errors="0" timestamp="2022-11-02T15:33:19 IST" skipped="0">
  <testcase classname="com.act.qa.testcases.ReportsPageTest" name="validateReportsPageTitleTest" time="23.162"/>
  <system-out/>
  <testcase classname="com.act.qa.testcases.ReportsPageTest" name="verifyReportsPageHeadingTest" time="19.049"/>
  <system-out/>
  <testcase classname="com.act.qa.testcases.ReportsPageTest" name="visibleChartModalTest" time="18.734"/>
  <system-out/>
</testsuite> <!-- com.act.qa.testcases.ReportsPageTest -->
