<?xml version="1.0" encoding="UTF-8"?>
<!-- Generated by org.testng.reporters.JUnitReportReporter -->
<testsuite hostname="Tharindu" failures="0" tests="3" name="com.act.qa.testcases.ApproveTimeTrackPageTest" time="49.050" errors="0" timestamp="2022-11-04T19:15:27 IST" skipped="0">
  <testcase classname="com.act.qa.testcases.ApproveTimeTrackPageTest" name="validateApproveTimeTrackTitleTest" time="15.475"/>
  <system-out/>
  <testcase classname="com.act.qa.testcases.ApproveTimeTrackPageTest" name="verifyApproveTimeTrackHeadingTest" time="15.420"/>
  <system-out/>
  <testcase classname="com.act.qa.testcases.ApproveTimeTrackPageTest" name="approveEmpTimeTracksTest" time="18.155"/>
  <system-out/>
</testsuite> <!-- com.act.qa.testcases.ApproveTimeTrackPageTest -->
