<?xml version="1.0" encoding="UTF-8"?>
<!-- Generated by org.testng.reporters.JUnitReportReporter -->
<testsuite hostname="Tharindu" failures="0" tests="3" name="com.act.qa.testcases.LoginPageTest" time="41.593" errors="0" timestamp="2022-11-06T23:37:00 IST" skipped="0">
  <testcase classname="com.act.qa.testcases.LoginPageTest" name="loginPageLogoTest" time="14.461"/>
  <system-out/>
  <testcase classname="com.act.qa.testcases.LoginPageTest" name="loginpageTitleTest" time="9.763"/>
  <system-out/>
  <testcase classname="com.act.qa.testcases.LoginPageTest" name="loginTest" time="17.369"/>
  <system-out/>
</testsuite> <!-- com.act.qa.testcases.LoginPageTest -->
