<?xml version="1.0" encoding="UTF-8"?>
<!-- Generated by org.testng.reporters.JUnitReportReporter -->
<testsuite hostname="Tharindu" failures="0" tests="1" name="com.act.qa.testcases.ApproveTimeTrackPageTest" time="31.233" errors="0" timestamp="2022-11-02T16:50:56 IST" skipped="0">
  <testcase classname="com.act.qa.testcases.ApproveTimeTrackPageTest" name="approveEmpTimeTracksTest" time="31.233"/>
  <system-out/>
</testsuite> <!-- com.act.qa.testcases.ApproveTimeTrackPageTest -->
